<?xml version="1.0" encoding="UTF-8"?>
<testsuite xmlns:xsi="http://www.w3.org/2001/XMLSchema-instance" xsi:noNamespaceSchemaLocation="https://maven.apache.org/surefire/maven-surefire-plugin/xsd/surefire-test-report-3.0.xsd" version="3.0" name="runner.TestsRunner" time="61.231" tests="1" errors="0" skipped="0" failures="0">
  <properties>
[...]
</properties>
  <testcase name="runScenario[&quot;Verify user can successfully complete a purchase&quot;, &quot;Optional[Purchase Flow]&quot;](1)" classname="runner.TestsRunner" time="53.534">
    <system-out><![CDATA[Appium Server Started
Started Appium server. 

@mercari
Scenario: Verify user can successfully complete a purchase                              # Features/PurchaseFlow.feature:4

[ERROR] Unrecognized arguments: --chromedriver-port 4723 --bootstrap-port 4723
  Given the user logs in with valid credentials                                         # steps.PurchaseTestStep.theUserLogsInWithValidCredentials()
First Item Added to Cart
Second Item Added to Cart
2
  When the user adds the first and second items to the cart                             # steps.PurchaseTestStep.theUserAddsItemsToCart()
Address Input Screen
  And the user proceeds to checkout and enters address details                          # steps.PurchaseTestStep.theUserProceedsToCheckout()
Order placed successfully: THANK YOU FOR YOU ORDER
  Then the user should see the checkout overview and complete the purchase successfully # steps.PurchaseTestStep.theUserShouldCompletePurchaseSuccessfully()
2025-01-28 10:00:27 INFO  Log:18 - XXXXXXXXXXXXXXXXXXXXXXX             -E---N---D-             XXXXXXXXXXXXXXXXXXXXXX
2025-01-28 10:00:27 INFO  Log:19 - X
2025-01-28 10:00:27 INFO  Log:20 - X
2025-01-28 10:00:27 INFO  Log:21 - X
2025-01-28 10:00:27 INFO  Log:22 - X
]]></system-out>
    <system-err><![CDATA[SLF4J: Failed to load class "org.slf4j.impl.StaticLoggerBinder".
SLF4J: Defaulting to no-operation (NOP) logger implementation
SLF4J: See http://www.slf4j.org/codes.html#StaticLoggerBinder for further details.
Jan 28, 2025 9:59:44 AM io.appium.java_client.remote.AppiumCommandExecutor$1 lambda$0
INFO: Detected dialect: W3C
Jan 28, 2025 10:00:08 AM org.example.basePage.BaseScreen waitForPageToLoad
INFO: Transitioned to Cart Page successfully.
Jan 28, 2025 10:00:24 AM org.example.basePage.BaseScreen waitForPageToLoad
INFO: Transitioned to Checkout Overview Screen successfully.
Jan 28, 2025 10:00:27 AM org.example.basePage.BaseScreen waitForPageToLoad
INFO: Transitioned to Confirm Purchase Screen successfully.
]]></system-err>
  </testcase>
</testsuite>